<?xml version="1.0" encoding="UTF-8"?>
<!-- Generated by org.testng.reporters.JUnitXMLReporter -->
<testsuite ignored="0" hostname="Shraddha-PC" failures="0" tests="7" name="Test" time="76.273" errors="0" timestamp="26 Jun 2022 07:33:08 GMT">
  <testcase classname="com.extentreports.tests.ExtentReportJson2" name="extentTest" time="3.07"/>
  <testcase classname="com.extentreports.tests.AttachLogo6" name="attachLogoTest" time="0.423"/>
  <testcase classname="com.extentreports.tests.AttachScreenShot7" name="attachScreenShotTest" time="70.671"/>
  <testcase classname="com.extentreports.tests.ExtentReportOne" name="extentTest" time="0.476"/>
  <testcase classname="com.extentreports.tests.ExtentReportCustome5" name="extentTest" time="0.272"/>
  <testcase classname="com.extentreports.tests.ExtentReportFailedTest3" name="extentTest" time="0.847"/>
  <testcase classname="com.extentreports.tests.ExtentReportLoggingJsonXML4" name="extentTest" time="0.41"/>
</testsuite> <!-- Test -->
